e:\university\year 4\advanced programming\cwk\gameengine - 28_11_2016\gameengine\release\vc140.pdb
e:\university\year 4\advanced programming\cwk\gameengine - 29_11_2016\gameengine\release\vc140.pdb
d:\maco\documents\mcomp\gameengine - 01_12_2016\gameengine\release\vc140.pdb
i:\university\year 4\advanced programming\cwk\gameengine - 02_12_2016\gameengine\release\vc140.pdb
d:\maco\documents\mcomp\gameengine - 06_12_2016\gameengine\release\vc140.pdb
d:\maco\documents\mcomp\gameengine - 06_12_2016\gameengine\release\roadmapgen.obj
d:\maco\documents\mcomp\gameengine - 06_12_2016\gameengine\release\displaywindow.obj
d:\maco\documents\mcomp\gameengine - 06_12_2016\gameengine\release\gui.obj
d:\maco\documents\mcomp\gameengine - 06_12_2016\gameengine\release\button.obj
d:\maco\documents\mcomp\gameengine - 06_12_2016\gameengine\release\3dworld.obj
d:\maco\documents\mcomp\gameengine - 06_12_2016\gameengine\release\2dworld.obj
d:\maco\documents\mcomp\gameengine - 06_12_2016\gameengine\release\tjunc.obj
d:\maco\documents\mcomp\gameengine - 06_12_2016\gameengine\release\straight.obj
d:\maco\documents\mcomp\gameengine - 06_12_2016\gameengine\release\roaddetails.obj
d:\maco\documents\mcomp\gameengine - 06_12_2016\gameengine\release\road.obj
d:\maco\documents\mcomp\gameengine - 06_12_2016\gameengine\release\empty.obj
d:\maco\documents\mcomp\gameengine - 06_12_2016\gameengine\release\crossroad.obj
d:\maco\documents\mcomp\gameengine - 06_12_2016\gameengine\release\corner.obj
d:\maco\documents\mcomp\gameengine - 06_12_2016\gameengine\release\ray.obj
d:\maco\documents\mcomp\gameengine - 06_12_2016\gameengine\release\mesh.obj
d:\maco\documents\mcomp\gameengine - 06_12_2016\gameengine\release\modellibrary.obj
d:\maco\documents\mcomp\gameengine - 06_12_2016\gameengine\release\car.obj
d:\maco\documents\mcomp\gameengine - 06_12_2016\gameengine\release\camera.obj
d:\maco\documents\mcomp\gameengine - 06_12_2016\gameengine\release\gameengine.obj
d:\maco\documents\mcomp\gameengine - 06_12_2016\gameengine\release\astar.obj
d:\maco\documents\mcomp\gameengine - 06_12_2016\gameengine\release\shader.obj
d:\maco\documents\mcomp\gameengine - 06_12_2016\gameengine\release\openglhelper.obj
d:\maco\documents\mcomp\gameengine - 06_12_2016\gameengine\release\texture.obj
d:\maco\documents\mcomp\gameengine - 06_12_2016\gameengine\release\obj_loader.obj
d:\maco\documents\mcomp\gameengine - 06_12_2016\gameengine\release\vertexbuffer.obj
d:\maco\documents\mcomp\gameengine - 06_12_2016\gameengine\release\assimptexture.obj
d:\maco\documents\mcomp\gameengine - 06_12_2016\gameengine\release\assimpmodel.obj
d:\maco\documents\mcomp\gameengine - 06_12_2016\gameengine\release\stb_image.obj
d:\maco\documents\mcomp\gameengine - 06_12_2016\release\gameengine.exe
d:\maco\documents\mcomp\gameengine - 06_12_2016\release\gameengine.ipdb
d:\maco\documents\mcomp\gameengine - 06_12_2016\release\gameengine.iobj
d:\maco\documents\mcomp\gameengine - 06_12_2016\release\gameengine.pdb
d:\maco\documents\mcomp\gameengine - 06_12_2016\gameengine\release\quadmesh.obj
d:\maco\documents\mcomp\gameengine - 06_12_2016\gameengine\release\vert.obj
d:\maco\documents\mcomp\gameengine - 06_12_2016\gameengine\release\gameengine.tlog\cl.command.1.tlog
d:\maco\documents\mcomp\gameengine - 06_12_2016\gameengine\release\gameengine.tlog\cl.read.1.tlog
d:\maco\documents\mcomp\gameengine - 06_12_2016\gameengine\release\gameengine.tlog\cl.write.1.tlog
d:\maco\documents\mcomp\gameengine - 06_12_2016\gameengine\release\gameengine.tlog\link.command.1.tlog
d:\maco\documents\mcomp\gameengine - 06_12_2016\gameengine\release\gameengine.tlog\link.read.1.tlog
d:\maco\documents\mcomp\gameengine - 06_12_2016\gameengine\release\gameengine.tlog\link.write.1.tlog
