e:\university\year 4\advanced programming\cwk\gameengine - 06_12_2016\gameengine\debug\vc140.pdb
e:\university\year 4\advanced programming\cwk\gameengine - 06_12_2016\gameengine\debug\vc140.idb
e:\university\year 4\advanced programming\cwk\gameengine - 06_12_2016\gameengine\debug\corner.obj
e:\university\year 4\advanced programming\cwk\gameengine - 06_12_2016\gameengine\debug\crossroad.obj
e:\university\year 4\advanced programming\cwk\gameengine - 06_12_2016\gameengine\debug\empty.obj
e:\university\year 4\advanced programming\cwk\gameengine - 06_12_2016\gameengine\debug\road.obj
e:\university\year 4\advanced programming\cwk\gameengine - 06_12_2016\gameengine\debug\roaddetails.obj
e:\university\year 4\advanced programming\cwk\gameengine - 06_12_2016\gameengine\debug\straight.obj
e:\university\year 4\advanced programming\cwk\gameengine - 06_12_2016\gameengine\debug\tjunc.obj
e:\university\year 4\advanced programming\cwk\gameengine - 06_12_2016\gameengine\debug\2dworld.obj
e:\university\year 4\advanced programming\cwk\gameengine - 06_12_2016\gameengine\debug\3dworld.obj
e:\university\year 4\advanced programming\cwk\gameengine - 06_12_2016\gameengine\debug\button.obj
e:\university\year 4\advanced programming\cwk\gameengine - 06_12_2016\gameengine\debug\gui.obj
e:\university\year 4\advanced programming\cwk\gameengine - 06_12_2016\gameengine\debug\displaywindow.obj
e:\university\year 4\advanced programming\cwk\gameengine - 06_12_2016\gameengine\debug\roadmapgen.obj
e:\university\year 4\advanced programming\cwk\gameengine - 06_12_2016\gameengine\debug\assimpmodel.obj
e:\university\year 4\advanced programming\cwk\gameengine - 06_12_2016\gameengine\debug\assimptexture.obj
e:\university\year 4\advanced programming\cwk\gameengine - 06_12_2016\gameengine\debug\vertexbuffer.obj
e:\university\year 4\advanced programming\cwk\gameengine - 06_12_2016\gameengine\debug\obj_loader.obj
e:\university\year 4\advanced programming\cwk\gameengine - 06_12_2016\gameengine\debug\texture.obj
e:\university\year 4\advanced programming\cwk\gameengine - 06_12_2016\gameengine\debug\openglhelper.obj
e:\university\year 4\advanced programming\cwk\gameengine - 06_12_2016\gameengine\debug\shader.obj
e:\university\year 4\advanced programming\cwk\gameengine - 06_12_2016\gameengine\debug\astar.obj
e:\university\year 4\advanced programming\cwk\gameengine - 06_12_2016\gameengine\debug\gameengine.obj
e:\university\year 4\advanced programming\cwk\gameengine - 06_12_2016\gameengine\debug\camera.obj
e:\university\year 4\advanced programming\cwk\gameengine - 06_12_2016\gameengine\debug\car.obj
e:\university\year 4\advanced programming\cwk\gameengine - 06_12_2016\gameengine\debug\modellibrary.obj
e:\university\year 4\advanced programming\cwk\gameengine - 06_12_2016\gameengine\debug\mesh.obj
e:\university\year 4\advanced programming\cwk\gameengine - 06_12_2016\gameengine\debug\ray.obj
e:\university\year 4\advanced programming\cwk\gameengine - 06_12_2016\gameengine\debug\stb_image.obj
e:\university\year 4\advanced programming\cwk\gameengine - 06_12_2016\gameengine\debug\cubemap.obj
e:\university\year 4\advanced programming\cwk\gameengine - 06_12_2016\debug\gameengine.ilk
e:\university\year 4\advanced programming\cwk\gameengine - 06_12_2016\debug\gameengine.exe
e:\university\year 4\advanced programming\cwk\gameengine - 06_12_2016\debug\gameengine.pdb
e:\university\year 4\advanced programming\cwk\gameengine - 06_12_2016\gameengine\debug\quadmesh.obj
e:\university\year 4\advanced programming\cwk\gameengine - 06_12_2016\gameengine\debug\gameengine.tlog\cl.command.1.tlog
e:\university\year 4\advanced programming\cwk\gameengine - 06_12_2016\gameengine\debug\gameengine.tlog\cl.read.1.tlog
e:\university\year 4\advanced programming\cwk\gameengine - 06_12_2016\gameengine\debug\gameengine.tlog\cl.write.1.tlog
e:\university\year 4\advanced programming\cwk\gameengine - 06_12_2016\gameengine\debug\gameengine.tlog\link.11156-cvtres.read.1.tlog
e:\university\year 4\advanced programming\cwk\gameengine - 06_12_2016\gameengine\debug\gameengine.tlog\link.11156-cvtres.write.1.tlog
e:\university\year 4\advanced programming\cwk\gameengine - 06_12_2016\gameengine\debug\gameengine.tlog\link.11156-rc.read.1.tlog
e:\university\year 4\advanced programming\cwk\gameengine - 06_12_2016\gameengine\debug\gameengine.tlog\link.11156-rc.write.1.tlog
e:\university\year 4\advanced programming\cwk\gameengine - 06_12_2016\gameengine\debug\gameengine.tlog\link.11156.read.1.tlog
e:\university\year 4\advanced programming\cwk\gameengine - 06_12_2016\gameengine\debug\gameengine.tlog\link.11156.write.1.tlog
e:\university\year 4\advanced programming\cwk\gameengine - 06_12_2016\gameengine\debug\gameengine.tlog\link.12744.delete.1.tlog
e:\university\year 4\advanced programming\cwk\gameengine - 06_12_2016\gameengine\debug\gameengine.tlog\link.2804.delete.1.tlog
e:\university\year 4\advanced programming\cwk\gameengine - 06_12_2016\gameengine\debug\gameengine.tlog\link.6544.delete.1.tlog
e:\university\year 4\advanced programming\cwk\gameengine - 06_12_2016\gameengine\debug\gameengine.tlog\link.9320.delete.1.tlog
e:\university\year 4\advanced programming\cwk\gameengine - 06_12_2016\gameengine\debug\gameengine.tlog\link.command.1.tlog
e:\university\year 4\advanced programming\cwk\gameengine - 06_12_2016\gameengine\debug\gameengine.tlog\link.delete.1.tlog
e:\university\year 4\advanced programming\cwk\gameengine - 06_12_2016\gameengine\debug\gameengine.tlog\link.read.1.tlog
e:\university\year 4\advanced programming\cwk\gameengine - 06_12_2016\gameengine\debug\gameengine.tlog\link.write.1.tlog
